<?xml version="1.0" encoding="UTF-8"?>
<!-- Generated by org.testng.reporters.JUnitReportReporter -->
<testsuite hostname="DESKTOP-F4T9PVL" failures="0" tests="8" name="myaccountlogin.MyAccountLogIn" time="69.607" errors="0" timestamp="2022-03-06T17:21:56 EST" skipped="0">
  <testcase classname="myaccountlogin.MyAccountLogIn" name="validUsernamePassword" time="7.630"/>
  <system-out/>
  <testcase classname="myaccountlogin.MyAccountLogIn" name="invalidUsernamePassword" time="6.886"/>
  <system-out/>
  <testcase classname="myaccountlogin.MyAccountLogIn" name="validUsernameEmptyPassword" time="8.593"/>
  <system-out/>
  <testcase classname="myaccountlogin.MyAccountLogIn" name="emptyUsernameValidPassword" time="9.463"/>
  <system-out/>
  <testcase classname="myaccountlogin.MyAccountLogIn" name="emptyUsernamePassword" time="6.952"/>
  <system-out/>
  <testcase classname="myaccountlogin.MyAccountLogIn" name="passwordMasked" time="5.686"/>
  <system-out/>
  <testcase classname="myaccountlogin.MyAccountLogIn" name="handleCaseSensitive" time="7.517"/>
  <system-out/>
  <testcase classname="myaccountlogin.MyAccountLogIn" name="authentication" time="16.880"/>
  <system-out/>
</testsuite> <!-- myaccountlogin.MyAccountLogIn -->
