<?xml version="1.0" encoding="UTF-8"?>
<!-- Generated by org.testng.reporters.JUnitReportReporter -->
<testsuite hostname="DESKTOP-F4T9PVL" failures="0" tests="5" name="myaccountregistration.MyAccountRegistration" time="24.564" errors="0" timestamp="2022-03-06T17:44:45 EST" skipped="2">
  <testcase classname="myaccountregistration.MyAccountRegistration" name="invalidEmail" time="9.263"/>
  <system-out/>
  <testcase classname="myaccountregistration.MyAccountRegistration" name="emptyEmail" time="7.699"/>
  <system-out/>
  <testcase classname="myaccountregistration.MyAccountRegistration" name="emptyEmailPassword" time="7.602"/>
  <system-out/>
  <testcase classname="myaccountregistration.MyAccountRegistration" name="signIn">
    <skipped/>
  </testcase> <!-- signIn -->
  <system-out/>
  <testcase classname="myaccountregistration.MyAccountRegistration" name="emptyPassword">
    <skipped/>
  </testcase> <!-- emptyPassword -->
  <system-out/>
</testsuite> <!-- myaccountregistration.MyAccountRegistration -->
