<?xml version="1.0" encoding="UTF-8"?>
<!-- Generated by org.testng.reporters.JUnitReportReporter -->
<testsuite hostname="DESKTOP-F4T9PVL" failures="0" tests="8" name="myaccount.MyAccount" time="88.287" errors="0" timestamp="2022-03-06T15:27:29 EST" skipped="0">
  <testcase classname="myaccount.MyAccount" name="Dashboard" time="9.994"/>
  <system-out/>
  <testcase classname="myaccount.MyAccount" name="Orders" time="9.950"/>
  <system-out/>
  <testcase classname="myaccount.MyAccount" name="OrdersViewButton" time="11.840"/>
  <system-out/>
  <testcase classname="myaccount.MyAccount" name="OrderNumberDateStatus" time="12.380"/>
  <system-out/>
  <testcase classname="myaccount.MyAccount" name="Address" time="9.652"/>
  <system-out/>
  <testcase classname="myaccount.MyAccount" name="EditShippingAddress" time="9.707"/>
  <system-out/>
  <testcase classname="myaccount.MyAccount" name="AccountDetails" time="14.167"/>
  <system-out/>
  <testcase classname="myaccount.MyAccount" name="LogOut" time="10.597"/>
  <system-out/>
</testsuite> <!-- myaccount.MyAccount -->
