<?xml version="1.0" encoding="UTF-8"?>
<!-- Generated by org.testng.reporters.JUnitReportReporter -->
<testsuite hostname="DESKTOP-F4T9PVL" failures="0" tests="1" name="myaccountregistration.MyAccountRegistration" time="10.513" errors="0" timestamp="2022-03-06T20:51:17 EST" skipped="0">
  <testcase classname="myaccountregistration.MyAccountRegistration" name="signIn" time="10.513"/>
  <system-out/>
</testsuite> <!-- myaccountregistration.MyAccountRegistration -->
