<?xml version="1.0" encoding="UTF-8"?>
<!-- Generated by org.testng.reporters.JUnitReportReporter -->
<testsuite hostname="DESKTOP-F4T9PVL" failures="0" tests="12" name="shop.Shop" time="122.378" errors="0" timestamp="2022-03-06T16:34:45 EST" skipped="0">
  <testcase classname="shop.Shop" name="shopFilterPrice" time="10.561"/>
  <system-out/>
  <testcase classname="shop.Shop" name="shopProductCategory" time="7.485"/>
  <system-out/>
  <testcase classname="shop.Shop" name="shopSortByPopularity" time="6.968"/>
  <system-out/>
  <testcase classname="shop.Shop" name="shopSortByAverage" time="7.669"/>
  <system-out/>
  <testcase classname="shop.Shop" name="shopSortByNewness" time="8.088"/>
  <system-out/>
  <testcase classname="shop.Shop" name="shopSortByPriceLowToHigh" time="7.667"/>
  <system-out/>
  <testcase classname="shop.Shop" name="shopSortByPriceHighToLow" time="9.593"/>
  <system-out/>
  <testcase classname="shop.Shop" name="shopReadMore" time="6.163"/>
  <system-out/>
  <testcase classname="shop.Shop" name="shopSale" time="12.434"/>
  <system-out/>
  <testcase classname="shop.Shop" name="shopAddToBasketViewBasket" time="18.285"/>
  <system-out/>
  <testcase classname="shop.Shop" name="shopAddToBasketViewBasketThroughItemLink" time="19.458"/>
  <system-out/>
  <testcase classname="shop.Shop" name="shopAddtoBasketViewBasketTax" time="8.007"/>
  <system-out/>
</testsuite> <!-- shop.Shop -->
