<?xml version="1.0" encoding="UTF-8"?>
<!-- Generated by org.testng.reporters.JUnitReportReporter -->
<testsuite hostname="DESKTOP-F4T9PVL" failures="0" tests="1" name="shop.Shop" time="10.206" errors="0" timestamp="2022-03-04T00:17:20 EST" skipped="0">
  <testcase classname="shop.Shop" name="shopFilterPrice" time="10.206"/>
  <system-out/>
</testsuite> <!-- shop.Shop -->
