<?xml version="1.0" encoding="UTF-8"?>
<!-- Generated by org.testng.reporters.JUnitReportReporter -->
<testsuite hostname="DESKTOP-F4T9PVL" failures="0" tests="1" name="shop.Shop" time="9.032" errors="0" timestamp="2022-03-05T00:13:05 EST" skipped="0">
  <testcase classname="shop.Shop" name="shopDefaultSorting" time="9.032"/>
  <system-out/>
</testsuite> <!-- shop.Shop -->
