<?xml version="1.0" encoding="UTF-8"?>
<!-- Generated by org.testng.reporters.JUnitReportReporter -->
<testsuite hostname="DESKTOP-F4T9PVL" failures="0" tests="18" name="homepage.HomePageTesting" time="229.619" errors="0" timestamp="2022-03-06T18:01:44 EST" skipped="0">
  <testcase classname="homepage.HomePageTesting" name="threeSlider" time="8.226"/>
  <system-out/>
  <testcase classname="homepage.HomePageTesting" name="threeArrival" time="7.610"/>
  <system-out/>
  <testcase classname="homepage.HomePageTesting" name="arrivalImageNavigate" time="9.164"/>
  <system-out/>
  <testcase classname="homepage.HomePageTesting" name="arrivalImageDescription" time="9.669"/>
  <system-out/>
  <testcase classname="homepage.HomePageTesting" name="arrivalImageReview" time="13.849"/>
  <system-out/>
  <testcase classname="homepage.HomePageTesting" name="addToBasket" time="10.426"/>
  <system-out/>
  <testcase classname="homepage.HomePageTesting" name="addToBasketMoreBook" time="11.084"/>
  <system-out/>
  <testcase classname="homepage.HomePageTesting" name="addToBasketItem" time="12.122"/>
  <system-out/>
  <testcase classname="homepage.HomePageTesting" name="addToBasketItemCoupon" time="12.710"/>
  <system-out/>
  <testcase classname="homepage.HomePageTesting" name="addToBasketItemCouponValue" time="13.754"/>
  <system-out/>
  <testcase classname="homepage.HomePageTesting" name="addToBasketItemRemoveBook" time="13.003"/>
  <system-out/>
  <testcase classname="homepage.HomePageTesting" name="addToBasketItemAddBook" time="11.860"/>
  <system-out/>
  <testcase classname="homepage.HomePageTesting" name="checkoutBookFinalPrice" time="12.684"/>
  <system-out/>
  <testcase classname="homepage.HomePageTesting" name="checkoutUpateBasket" time="12.082"/>
  <system-out/>
  <testcase classname="homepage.HomePageTesting" name="subTotalCondition" time="11.904"/>
  <system-out/>
  <testcase classname="homepage.HomePageTesting" name="checkoutFunctionality" time="14.351"/>
  <system-out/>
  <testcase classname="homepage.HomePageTesting" name="checkoutPaymentGateway" time="21.557"/>
  <system-out/>
  <testcase classname="homepage.HomePageTesting" name="placeOrder" time="23.564"/>
  <system-out/>
</testsuite> <!-- homepage.HomePageTesting -->
